生成启动时间为 2017/2/11 10:15:03。
     1>项目“D:\PersonSpace\SoftRendering\testProject\testProject\testProject.vcxproj”在节点 2 上(Build 个目标)。
     1>Link:
         D:\WorkTool\VS2013\VC\bin\link.exe /ERRORREPORT:PROMPT /OUT:"D:\PersonSpace\SoftRendering\testProject\Debug\testProject.exe" /INCREMENTAL /NOLOGO ..\..\libs\glfw3.lib opengl32.lib kernel32.lib user32.lib gdi32.lib winspool.lib comdlg32.lib advapi32.lib shell32.lib ole32.lib oleaut32.lib uuid.lib odbc32.lib odbccp32.lib /MANIFEST /MANIFESTUAC:"level='asInvoker' uiAccess='false'" /manifest:embed /DEBUG /PDB:"D:\PersonSpace\SoftRendering\testProject\Debug\testProject.pdb" /TLBID:1 /DYNAMICBASE /NXCOMPAT /IMPLIB:"D:\PersonSpace\SoftRendering\testProject\Debug\testProject.lib" /MACHINE:X86 Debug\main.obj
     1>main.obj : error LNK2019: 无法解析的外部符号 _glfwInit，该符号在函数 _main 中被引用
     1>main.obj : error LNK2019: 无法解析的外部符号 _glfwTerminate，该符号在函数 _main 中被引用
     1>main.obj : error LNK2019: 无法解析的外部符号 _glfwCreateWindow，该符号在函数 _main 中被引用
     1>main.obj : error LNK2019: 无法解析的外部符号 _glfwWindowShouldClose，该符号在函数 _main 中被引用
     1>main.obj : error LNK2019: 无法解析的外部符号 _glfwPollEvents，该符号在函数 _main 中被引用
     1>main.obj : error LNK2019: 无法解析的外部符号 _glfwMakeContextCurrent，该符号在函数 _main 中被引用
     1>main.obj : error LNK2019: 无法解析的外部符号 _glfwSwapBuffers，该符号在函数 _main 中被引用
     1>D:\PersonSpace\SoftRendering\testProject\Debug\testProject.exe : fatal error LNK1120: 7 个无法解析的外部命令
     1>已完成生成项目“D:\PersonSpace\SoftRendering\testProject\testProject\testProject.vcxproj”(Build 个目标)的操作 - 失败。

生成失败。

已用时间 00:00:00.14
